[13:29:58] [main/INFO] (FabricLoader/GameProvider) Loading Minecraft 1.21.1 with Fabric Loader 0.16.10
[13:29:58] [main/INFO] (FabricLoader) Loading 55 mods:
	- fabric-api 0.115.0+1.21.1
	- fabric-api-base 0.4.42+6573ed8c19
	- fabric-api-lookup-api-v1 1.6.70+b559734419
	- fabric-biome-api-v1 13.0.31+d527f9fd19
	- fabric-block-api-v1 1.0.22+0af3f5a719
	- fabric-block-view-api-v2 1.0.10+6573ed8c19
	- fabric-blockrenderlayer-v1 1.1.52+0af3f5a719
	- fabric-client-tags-api-v1 1.1.15+6573ed8c19
	- fabric-command-api-v1 1.2.49+f71b366f19
	- fabric-command-api-v2 2.2.28+6ced4dd919
	- fabric-commands-v0 0.2.66+df3654b319
	- fabric-content-registries-v0 8.0.18+b559734419
	- fabric-convention-tags-v1 2.1.2+7f945d5b19
	- fabric-convention-tags-v2 2.9.2+e60e56d419
	- fabric-crash-report-info-v1 0.2.29+0af3f5a719
	- fabric-data-attachment-api-v1 1.4.1+9ed317f519
	- fabric-data-generation-api-v1 20.2.25+16c4ae2519
	- fabric-dimensions-v1 4.0.0+6fc22b9919
	- fabric-entity-events-v1 1.7.0+2122d82819
	- fabric-events-interaction-v0 0.7.13+ba9dae0619
	- fabric-game-rule-api-v1 1.0.53+6ced4dd919
	- fabric-gametest-api-v1 2.0.5+6fc22b9919
	- fabric-item-api-v1 11.1.1+d5debaed19
	- fabric-item-group-api-v1 4.1.6+6823f7cd19
	- fabric-key-binding-api-v1 1.0.47+0af3f5a719
	- fabric-keybindings-v0 0.2.45+df3654b319
	- fabric-lifecycle-events-v1 2.5.0+01d9a51c19
	- fabric-loot-api-v2 3.0.15+3f89f5a519
	- fabric-loot-api-v3 1.0.3+3f89f5a519
	- fabric-message-api-v1 6.0.13+6573ed8c19
	- fabric-model-loading-api-v1 2.0.0+fe474d6b19
	- fabric-networking-api-v1 4.3.0+c7469b2119
	- fabric-object-builder-api-v1 15.2.1+40875a9319
	- fabric-particles-v1 4.0.2+6573ed8c19
	- fabric-recipe-api-v1 5.0.14+248df81c19
	- fabric-registry-sync-v0 5.2.0+34f5d91419
	- fabric-renderer-api-v1 3.4.0+c705a49c19
	- fabric-renderer-indigo 1.7.0+c705a49c19
	- fabric-renderer-registries-v1 3.2.68+df3654b319
	- fabric-rendering-data-attachment-v1 0.3.48+73761d2e19
	- fabric-rendering-fluids-v1 3.1.6+1daea21519
	- fabric-rendering-v0 1.1.71+df3654b319
	- fabric-rendering-v1 5.0.5+df16efd019
	- fabric-resource-conditions-api-v1 4.3.0+8dc279b119
	- fabric-resource-loader-v0 1.3.1+5b5275af19
	- fabric-screen-api-v1 2.0.25+8b68f1c719
	- fabric-screen-handler-api-v1 1.3.88+b559734419
	- fabric-sound-api-v1 1.0.23+6573ed8c19
	- fabric-transfer-api-v1 5.4.2+c24bd99419
	- fabric-transitive-access-wideners-v1 6.2.0+45b9699719
	- fabricloader 0.16.10
	- java 23
	- minecraft 1.21.1
	- mixinextras 0.4.1
	- nobrainclient 1.0.0
[13:29:58] [main/INFO] (FabricLoader/Mixin) SpongePowered MIXIN Subsystem Version=0.8.7 Source=file:/C:/Users/theno/.gradle/caches/modules-2/files-2.1/net.fabricmc/sponge-mixin/0.15.4+mixin.0.8.7/6a12aacc794f1078458433116e9ed42c1cc98096/sponge-mixin-0.15.4+mixin.0.8.7.jar Service=Knot/Fabric Env=CLIENT
[13:29:59] [main/INFO] (FabricLoader/Mixin) Loaded Fabric development mappings for mixin remapper!
[13:29:59] [main/INFO] (FabricLoader/Mixin) Compatibility level set to JAVA_17
[13:29:59] [main/INFO] (FabricLoader/Mixin) Compatibility level set to JAVA_21
[13:30:00] [main/INFO] (FabricLoader/MixinExtras|Service) Initializing MixinExtras via com.llamalad7.mixinextras.service.MixinExtrasServiceImpl(version=0.4.1).
[13:30:02] [Datafixer Bootstrap/INFO] (Minecraft) 226 Datafixer optimizations took 733 milliseconds
[13:30:09] [Render thread/INFO] (Minecraft) Environment: Environment[sessionHost=https://sessionserver.mojang.com, servicesHost=https://api.minecraftservices.com, name=PROD]
[13:30:09] [Render thread/INFO] (Minecraft) Setting user: TheNoBrainGuy
[13:30:09] [Render thread/INFO] (nobrainclient) Initializing NoBrainClient
[13:30:09] [Render thread/INFO] (Indigo) [Indigo] Different rendering plugin detected; not applying Indigo.
[13:30:10] [Render thread/INFO] (Minecraft) Backend library: LWJGL version 3.3.3-snapshot
[13:30:11] [Render thread/INFO] (Minecraft) Reloading ResourceManager: vanilla, fabric, fabric-api, fabric-api-base, fabric-api-lookup-api-v1, fabric-biome-api-v1, fabric-block-api-v1, fabric-block-view-api-v2, fabric-blockrenderlayer-v1, fabric-client-tags-api-v1, fabric-command-api-v1, fabric-command-api-v2, fabric-commands-v0, fabric-content-registries-v0, fabric-convention-tags-v1, fabric-convention-tags-v2, fabric-crash-report-info-v1, fabric-data-attachment-api-v1, fabric-data-generation-api-v1, fabric-dimensions-v1, fabric-entity-events-v1, fabric-events-interaction-v0, fabric-game-rule-api-v1, fabric-gametest-api-v1, fabric-item-api-v1, fabric-item-group-api-v1, fabric-key-binding-api-v1, fabric-keybindings-v0, fabric-lifecycle-events-v1, fabric-loot-api-v2, fabric-loot-api-v3, fabric-message-api-v1, fabric-model-loading-api-v1, fabric-networking-api-v1, fabric-object-builder-api-v1, fabric-particles-v1, fabric-recipe-api-v1, fabric-registry-sync-v0, fabric-renderer-api-v1, fabric-renderer-indigo, fabric-renderer-registries-v1, fabric-rendering-data-attachment-v1, fabric-rendering-fluids-v1, fabric-rendering-v0, fabric-rendering-v1, fabric-resource-conditions-api-v1, fabric-resource-loader-v0, fabric-screen-api-v1, fabric-screen-handler-api-v1, fabric-sound-api-v1, fabric-transfer-api-v1, fabric-transitive-access-wideners-v1, fabricloader, nobrainclient
[13:30:12] [Worker-Main-3/INFO] (Minecraft) Found unifont_all_no_pua-15.1.05.hex, loading
[13:30:12] [Worker-Main-7/INFO] (Minecraft) Found unifont_jp_patch-15.1.05.hex, loading
[13:30:17] [Render thread/WARN] (Minecraft) Missing sound for event: minecraft:item.goat_horn.play
[13:30:17] [Render thread/WARN] (Minecraft) Missing sound for event: minecraft:entity.goat.screaming.horn_break
[13:30:17] [Render thread/INFO] (Minecraft) OpenAL initialized on device OpenAL Soft on Lautsprecher (High Definition Audio Device)
[13:30:17] [Render thread/INFO] (Minecraft) Sound engine started
[13:30:17] [Render thread/INFO] (Minecraft) Created: 1024x512x4 minecraft:textures/atlas/blocks.png-atlas
[13:30:17] [Render thread/INFO] (Minecraft) Created: 256x256x4 minecraft:textures/atlas/signs.png-atlas
[13:30:17] [Render thread/INFO] (Minecraft) Created: 512x512x4 minecraft:textures/atlas/shield_patterns.png-atlas
[13:30:17] [Render thread/INFO] (Minecraft) Created: 512x512x4 minecraft:textures/atlas/banner_patterns.png-atlas
[13:30:17] [Render thread/INFO] (Minecraft) Created: 1024x1024x4 minecraft:textures/atlas/armor_trims.png-atlas
[13:30:17] [Render thread/INFO] (Minecraft) Created: 256x256x4 minecraft:textures/atlas/chest.png-atlas
[13:30:17] [Render thread/INFO] (Minecraft) Created: 128x64x4 minecraft:textures/atlas/decorated_pot.png-atlas
[13:30:17] [Render thread/INFO] (Minecraft) Created: 512x256x4 minecraft:textures/atlas/shulker_boxes.png-atlas
[13:30:17] [Render thread/INFO] (Minecraft) Created: 512x256x4 minecraft:textures/atlas/beds.png-atlas
[13:30:18] [Render thread/INFO] (Minecraft) Created: 512x256x0 minecraft:textures/atlas/particles.png-atlas
[13:30:18] [Render thread/INFO] (Minecraft) Created: 512x256x0 minecraft:textures/atlas/paintings.png-atlas
[13:30:18] [Render thread/INFO] (Minecraft) Created: 256x128x0 minecraft:textures/atlas/mob_effects.png-atlas
[13:30:18] [Render thread/INFO] (Minecraft) Created: 64x64x0 minecraft:textures/atlas/map_decorations.png-atlas
[13:30:18] [Render thread/INFO] (Minecraft) Created: 1024x512x0 minecraft:textures/atlas/gui.png-atlas
[13:30:18] [Render thread/WARN] (Minecraft) Shader rendertype_entity_translucent_emissive could not find sampler named Sampler2 in the specified shader program.
[13:30:23] [Render thread/INFO] (Minecraft) Loaded 1290 recipes
[13:30:23] [Render thread/INFO] (Minecraft) Loaded 1399 advancements
[13:30:24] [Render thread/INFO] (BiomeModificationImpl) Applied 0 biome modifications to 0 of 64 new biomes in 1.025 ms
[13:30:24] [Server thread/INFO] (Minecraft) Starting integrated minecraft server version 1.21.1
[13:30:24] [Server thread/INFO] (Minecraft) Generating keypair
[13:30:24] [Server thread/INFO] (Minecraft) Preparing start region for dimension minecraft:overworld
[13:30:24] [Render thread/INFO] (Minecraft) Preparing spawn area: 0%
[13:30:25] [Render thread/INFO] (Minecraft) Time elapsed: 310 ms
[13:30:25] [Server thread/INFO] (Minecraft) Changing view distance to 12, from 10
[13:30:25] [Server thread/INFO] (Minecraft) Changing simulation distance to 12, from 0
[13:30:25] [Server thread/INFO] (Minecraft) TheNoBrainGuy[local:E:63e033a6] logged in with entity id 1 at (-4.5, 56.0, -9.5)
[13:30:26] [Server thread/INFO] (Minecraft) TheNoBrainGuy joined the game
[13:30:27] [Render thread/INFO] (Minecraft) Loaded 2 advancements
[13:30:32] [Server thread/INFO] (Minecraft) [TheNoBrainGuy: Set own game mode to Creative Mode]
[13:30:33] [Render thread/INFO] (Minecraft) [System] [CHAT] Set own game mode to Creative Mode
[13:30:33] [Render thread/INFO] (Minecraft) Loaded 13 advancements
[13:30:34] [Server thread/INFO] (Minecraft) Saving and pausing game...
[13:30:34] [Server thread/INFO] (Minecraft) Saving chunks for level 'ServerLevel[New World]'/minecraft:overworld
[13:30:34] [Server thread/INFO] (Minecraft) Saving chunks for level 'ServerLevel[New World]'/minecraft:the_end
[13:30:34] [Server thread/INFO] (Minecraft) Saving chunks for level 'ServerLevel[New World]'/minecraft:the_nether
[13:30:43] [Render thread/INFO] (Minecraft) [System] [CHAT] test key pressed!
[13:30:44] [Render thread/INFO] (Minecraft) [System] [CHAT] test key pressed!
[13:30:44] [Render thread/INFO] (Minecraft) [System] [CHAT] test key pressed!
[13:30:45] [Render thread/INFO] (Minecraft) [System] [CHAT] test key pressed!
[13:30:46] [Render thread/INFO] (Minecraft) [System] [CHAT] test key pressed!
[13:30:46] [Render thread/INFO] (Minecraft) [System] [CHAT] test key pressed!
[13:30:46] [Render thread/INFO] (Minecraft) [System] [CHAT] test key pressed!
[13:30:47] [Render thread/INFO] (Minecraft) [System] [CHAT] test key pressed!
[13:30:48] [Render thread/INFO] (Minecraft) [System] [CHAT] test key pressed!
[13:30:49] [Render thread/INFO] (Minecraft) [System] [CHAT] test key pressed!
[13:30:50] [Render thread/INFO] (Minecraft) [System] [CHAT] test key pressed!
[13:30:50] [Render thread/INFO] (Minecraft) [System] [CHAT] test key pressed!
[13:30:54] [Render thread/INFO] (Minecraft) [System] [CHAT] test key pressed!
[13:30:55] [Render thread/INFO] (Minecraft) [System] [CHAT] test key pressed!
[13:30:56] [Render thread/INFO] (Minecraft) [System] [CHAT] test key pressed!
[13:30:56] [Render thread/INFO] (Minecraft) [System] [CHAT] test key pressed!
[13:30:57] [Render thread/INFO] (Minecraft) [System] [CHAT] test key pressed!
[13:30:57] [Render thread/INFO] (Minecraft) [System] [CHAT] test key pressed!
[13:31:06] [Server thread/INFO] (Minecraft) Saving and pausing game...
[13:31:06] [Server thread/INFO] (Minecraft) Saving chunks for level 'ServerLevel[New World]'/minecraft:overworld
[13:31:06] [Server thread/INFO] (Minecraft) Saving chunks for level 'ServerLevel[New World]'/minecraft:the_end
[13:31:06] [Server thread/INFO] (Minecraft) Saving chunks for level 'ServerLevel[New World]'/minecraft:the_nether
